<?xml version="1.0" encoding="UTF-8"?>
<!-- Generated by org.testng.reporters.JUnitXMLReporter -->
<testsuite hostname="DESKTOP-T3UULDR" name="SignUp" tests="2" failures="1" timestamp="24 Oct 2021 11:55:01 GMT" time="4.774" errors="0">
  <testcase name="basePageNaviagtion" time="0.002" classname="Academy.HomePage"/>
  <testcase name="basePageNaviagtion" time="4.769" classname="Academy.HomePage">
    <failure type="java.lang.NullPointerException">
      <![CDATA[java.lang.NullPointerException
	at resources.base.getScreenShot(base.java:100)
	at Academy.Listeners.onTestSuccess(Listeners.java:39)
	at java.util.concurrent.FutureTask.run(FutureTask.java:266)
	at java.util.concurrent.ThreadPoolExecutor.runWorker(ThreadPoolExecutor.java:1149)
	at java.util.concurrent.ThreadPoolExecutor$Worker.run(ThreadPoolExecutor.java:624)
	at java.lang.Thread.run(Thread.java:748)
... Removed 13 stack frames]]>
    </failure>
  </testcase> <!-- basePageNaviagtion -->
</testsuite> <!-- SignUp -->
