<?xml version="1.0" encoding="UTF-8"?>
<testng-results skipped="0" failed="0" total="3" passed="3">
  <reporter-output>
  </reporter-output>
  <suite name="Suite" duration-ms="12799" started-at="2021-08-17T19:44:38Z" finished-at="2021-08-17T19:44:51Z">
    <groups>
    </groups>
    <test name="HomePage" duration-ms="7557" started-at="2021-08-17T19:44:38Z" finished-at="2021-08-17T19:44:45Z">
      <class name="Academy.HomePage">
        <test-method status="PASS" signature="driverInitialize()[pri:0, instance:Academy.HomePage@41330d4f]" name="driverInitialize" is-config="true" duration-ms="3063" started-at="2021-08-18T01:14:38Z" finished-at="2021-08-18T01:14:41Z">
          <reporter-output>
          </reporter-output>
        </test-method> <!-- driverInitialize -->
        <test-method status="PASS" signature="basePageNaviagtion()[pri:0, instance:Academy.HomePage@41330d4f]" name="basePageNaviagtion" duration-ms="4220" started-at="2021-08-18T01:14:41Z" finished-at="2021-08-18T01:14:45Z">
          <reporter-output>
          </reporter-output>
        </test-method> <!-- basePageNaviagtion -->
      </class> <!-- Academy.HomePage -->
    </test> <!-- HomePage -->
    <test name="SignUp" duration-ms="12798" started-at="2021-08-17T19:44:38Z" finished-at="2021-08-17T19:44:51Z">
      <class name="Academy.HomePage">
        <test-method status="PASS" signature="driverInitialize()[pri:0, instance:Academy.HomePage@21be3395]" name="driverInitialize" is-config="true" duration-ms="3031" started-at="2021-08-18T01:14:38Z" finished-at="2021-08-18T01:14:41Z">
          <reporter-output>
          </reporter-output>
        </test-method> <!-- driverInitialize -->
        <test-method status="PASS" signature="basePageNaviagtion()[pri:0, instance:Academy.HomePage@21be3395]" name="basePageNaviagtion" duration-ms="4159" started-at="2021-08-18T01:14:41Z" finished-at="2021-08-18T01:14:45Z">
          <reporter-output>
          </reporter-output>
        </test-method> <!-- basePageNaviagtion -->
      </class> <!-- Academy.HomePage -->
      <class name="Academy.SignUpPage">
        <test-method status="PASS" signature="signUp(java.lang.String)[pri:0, instance:Academy.SignUpPage@7d322cad]" name="signUp" duration-ms="5055" started-at="2021-08-18T01:14:45Z" data-provider="getData" finished-at="2021-08-18T01:14:50Z">
          <params>
            <param index="0">
              <value>
                <![CDATA[Kshitij]]>
              </value>
            </param>
          </params>
          <reporter-output>
          </reporter-output>
        </test-method> <!-- signUp -->
      </class> <!-- Academy.SignUpPage -->
    </test> <!-- SignUp -->
  </suite> <!-- Suite -->
</testng-results>
